Build started 2012/5/27 下午 6:18:32.
     1>Project "C:\Users\xdd\Documents\Visual Studio 11\Projects\GJTalk\xmpp\gloox.vcxproj" on node 3 (Build target(s)).
     1>C:\Program Files (x86)\MSBuild\Microsoft.Cpp\v4.0\V110\Microsoft.CppBuild.targets(343,5): warning MSB8004: Intermediate Directory does not end with a trailing slash.  This build instance will add the slash as it is required to allow proper evaluation of the Intermediate Directory.
         C:\Program Files (x86)\Microsoft Visual Studio 11.0\VC\bin\CL.exe /c /Zi /nologo /W3 /WX- /O2 /Oi /Oy- /GL /D _MBCS /Gm- /EHsc /MD /GS /Gy /fp:precise /Zc:wchar_t /Zc:forScope /Fo"xmpp\\" /Fd"xmpp\vc110.pdb" /Gd /TP /analyze- /errorReport:prompt adhoc.cpp amp.cpp annotations.cpp attention.cpp base64.cpp bookmarkstorage.cpp capabilities.cpp chatstate.cpp chatstatefilter.cpp client.cpp clientbase.cpp component.cpp compressiondefault.cpp compressionzlib.cpp connectionbosh.cpp connectionhttpproxy.cpp connectionsocks5proxy.cpp connectiontcpbase.cpp connectiontcpclient.cpp connectiontcpserver.cpp connectiontls.cpp connectiontlsserver.cpp dataform.cpp dataformfield.cpp dataformfieldcontainer.cpp dataformitem.cpp dataformreported.cpp delayeddelivery.cpp disco.cpp dns.cpp error.cpp eventdispatcher.cpp featureneg.cpp flexoff.cpp gloox.cpp gpgencrypted.cpp gpgsigned.cpp inbandbytestream.cpp instantmucroom.cpp iq.cpp jid.cpp lastactivity.cpp logsink.cpp md5.cpp message.cpp messageevent.cpp messageeventfilter.cpp messagefilter.cpp messagesession.cpp mucmessagesession.cpp mucroom.cpp mutex.cpp nickname.cpp nonsaslauth.cpp oob.cpp parser.cpp prep.cpp presence.cpp privacyitem.cpp privacymanager.cpp privatexml.cpp pubsubevent.cpp pubsubitem.cpp pubsubmanager.cpp receipt.cpp registration.cpp rosteritem.cpp rostermanager.cpp search.cpp sha.cpp shim.cpp simanager.cpp siprofileft.cpp socks5bytestream.cpp socks5bytestreammanager.cpp socks5bytestreamserver.cpp softwareversion.cpp stanza.cpp stanzaextensionfactory.cpp subscription.cpp tag.cpp tlsdefault.cpp tlsgnutlsbase.cpp tlsgnutlsclient.cpp tlsgnutlsclientanon.cpp tlsgnutlsserveranon.cpp tlsopensslbase.cpp tlsopensslclient.cpp tlsopensslserver.cpp tlsschannel.cpp uniquemucroom.cpp util.cpp vcard.cpp vcardmanager.cpp vcardupdate.cpp xhtmlim.cpp
         adhoc.cpp
         amp.cpp
         annotations.cpp
         attention.cpp
         base64.cpp
         bookmarkstorage.cpp
         capabilities.cpp
         chatstate.cpp
         chatstatefilter.cpp
         client.cpp
         clientbase.cpp
         component.cpp
         compressiondefault.cpp
         compressionzlib.cpp
         connectionbosh.cpp
         connectionhttpproxy.cpp
         connectionsocks5proxy.cpp
         connectiontcpbase.cpp
         connectiontcpclient.cpp
         connectiontcpserver.cpp
         Compiling...
         connectiontls.cpp
         connectiontlsserver.cpp
         dataform.cpp
         dataformfield.cpp
         dataformfieldcontainer.cpp
         dataformitem.cpp
         dataformreported.cpp
         delayeddelivery.cpp
         disco.cpp
         dns.cpp
         error.cpp
         eventdispatcher.cpp
         featureneg.cpp
         flexoff.cpp
         gloox.cpp
         gpgencrypted.cpp
         gpgsigned.cpp
         inbandbytestream.cpp
         instantmucroom.cpp
         iq.cpp
         Compiling...
         jid.cpp
         lastactivity.cpp
         logsink.cpp
         md5.cpp
         message.cpp
         messageevent.cpp
         messageeventfilter.cpp
         messagefilter.cpp
         messagesession.cpp
         mucmessagesession.cpp
         mucroom.cpp
         mutex.cpp
         nickname.cpp
         nonsaslauth.cpp
         oob.cpp
         parser.cpp
         prep.cpp
         presence.cpp
         privacyitem.cpp
         privacymanager.cpp
         Compiling...
         privatexml.cpp
         pubsubevent.cpp
         pubsubitem.cpp
         pubsubmanager.cpp
         receipt.cpp
         registration.cpp
         rosteritem.cpp
         rostermanager.cpp
         search.cpp
         sha.cpp
         shim.cpp
         simanager.cpp
         siprofileft.cpp
         socks5bytestream.cpp
         socks5bytestreammanager.cpp
         socks5bytestreamserver.cpp
         softwareversion.cpp
         stanza.cpp
         stanzaextensionfactory.cpp
         subscription.cpp
         Compiling...
         tag.cpp
         tlsdefault.cpp
         tlsgnutlsbase.cpp
         tlsgnutlsclient.cpp
         tlsgnutlsclientanon.cpp
         tlsgnutlsserveranon.cpp
         tlsopensslbase.cpp
         tlsopensslclient.cpp
         tlsopensslserver.cpp
         tlsschannel.cpp
         uniquemucroom.cpp
         util.cpp
         vcard.cpp
         vcardmanager.cpp
         vcardupdate.cpp
         xhtmlim.cpp
         C:\Program Files (x86)\Windows Kits\8.0\bin\x86\rc.exe /l"0x0409" /nologo /fo"xmpp\version.res" version.rc 
         C:\Program Files (x86)\Microsoft Visual Studio 11.0\VC\bin\link.exe /ERRORREPORT:PROMPT /OUT:"C:\Users\xdd\Documents\Visual Studio 11\Projects\GJTalk\\bin\xmpp.exe" /NOLOGO kernel32.lib user32.lib gdi32.lib winspool.lib comdlg32.lib advapi32.lib shell32.lib ole32.lib oleaut32.lib uuid.lib odbc32.lib odbccp32.lib /MANIFEST /ManifestFile:"xmpp\xmpp.exe.intermediate.manifest" /MANIFESTUAC:"level='asInvoker' uiAccess='false'" /DEBUG /PDB:"C:\Users\xdd\Documents\Visual Studio 11\Projects\GJTalk\\bin\xmpp.pdb" /OPT:REF /OPT:ICF /LTCG /TLBID:1 /DYNAMICBASE /NXCOMPAT /IMPLIB:"C:\Users\xdd\Documents\Visual Studio 11\Projects\GJTalk\\bin\xmpp.lib" /MACHINE:X86 /SAFESEH xmpp\version.res
         xmpp\adhoc.obj
         xmpp\amp.obj
         xmpp\annotations.obj
         xmpp\attention.obj
         xmpp\base64.obj
         xmpp\bookmarkstorage.obj
         xmpp\capabilities.obj
         xmpp\chatstate.obj
         xmpp\chatstatefilter.obj
         xmpp\client.obj
         xmpp\clientbase.obj
         xmpp\component.obj
         xmpp\compressiondefault.obj
         xmpp\compressionzlib.obj
         xmpp\connectionbosh.obj
         xmpp\connectionhttpproxy.obj
         xmpp\connectionsocks5proxy.obj
         xmpp\connectiontcpbase.obj
         xmpp\connectiontcpclient.obj
         xmpp\connectiontcpserver.obj
         xmpp\connectiontls.obj
         xmpp\connectiontlsserver.obj
         xmpp\dataform.obj
         xmpp\dataformfield.obj
         xmpp\dataformfieldcontainer.obj
         xmpp\dataformitem.obj
         xmpp\dataformreported.obj
         xmpp\delayeddelivery.obj
         xmpp\disco.obj
         xmpp\dns.obj
         xmpp\error.obj
         xmpp\eventdispatcher.obj
         xmpp\featureneg.obj
         xmpp\flexoff.obj
         xmpp\gloox.obj
         xmpp\gpgencrypted.obj
         xmpp\gpgsigned.obj
         xmpp\inbandbytestream.obj
         xmpp\instantmucroom.obj
         xmpp\iq.obj
         xmpp\jid.obj
         xmpp\lastactivity.obj
         xmpp\logsink.obj
         xmpp\md5.obj
         xmpp\message.obj
         xmpp\messageevent.obj
         xmpp\messageeventfilter.obj
         xmpp\messagefilter.obj
         xmpp\messagesession.obj
         xmpp\mucmessagesession.obj
         xmpp\mucroom.obj
         xmpp\mutex.obj
         xmpp\nickname.obj
         xmpp\nonsaslauth.obj
         xmpp\oob.obj
         xmpp\parser.obj
         xmpp\prep.obj
         xmpp\presence.obj
         xmpp\privacyitem.obj
         xmpp\privacymanager.obj
         xmpp\privatexml.obj
         xmpp\pubsubevent.obj
         xmpp\pubsubitem.obj
         xmpp\pubsubmanager.obj
         xmpp\receipt.obj
         xmpp\registration.obj
         xmpp\rosteritem.obj
         xmpp\rostermanager.obj
         xmpp\search.obj
         xmpp\sha.obj
         xmpp\shim.obj
         xmpp\simanager.obj
         xmpp\siprofileft.obj
         xmpp\socks5bytestream.obj
         xmpp\socks5bytestreammanager.obj
         xmpp\socks5bytestreamserver.obj
         xmpp\softwareversion.obj
         xmpp\stanza.obj
         xmpp\stanzaextensionfactory.obj
         xmpp\subscription.obj
         xmpp\tag.obj
         xmpp\tlsdefault.obj
         xmpp\tlsgnutlsbase.obj
         xmpp\tlsgnutlsclient.obj
         xmpp\tlsgnutlsclientanon.obj
         xmpp\tlsgnutlsserveranon.obj
         xmpp\tlsopensslbase.obj
         xmpp\tlsopensslclient.obj
         xmpp\tlsopensslserver.obj
         xmpp\tlsschannel.obj
         xmpp\uniquemucroom.obj
         xmpp\util.obj
         xmpp\vcard.obj
         xmpp\vcardmanager.obj
         xmpp\vcardupdate.obj
         xmpp\xhtmlim.obj
     1>LINK : fatal error LNK1561: entry point must be defined
     1>Done Building Project "C:\Users\xdd\Documents\Visual Studio 11\Projects\GJTalk\xmpp\gloox.vcxproj" (Build target(s)) -- FAILED.

Build FAILED.

Time Elapsed 00:02:26.68
