Build started 2012/5/28 下午 10:31:56.
     1>Project "C:\Users\xdd\Documents\Visual Studio 11\Projects\GJTalk\DuiLib\DuiLib.vcxproj" on node 2 (Build target(s)).
         C:\Program Files (x86)\Microsoft Visual Studio 10.0\VC\bin\CL.exe /c /Zi /nologo /W3 /WX- /Od /Oy- /D WIN32 /D _DEBUG /D _WINDOWS /D UILIB_EXPORTS /D _VC80_UPGRADE=0x0600 /D _WINDLL /D _UNICODE /D UNICODE /Gm /EHsc /RTC1 /MTd /GS /fp:precise /Zc:wchar_t /Zc:forScope /Yu"stdafx.h" /Fp".\Debug_u/DuiLib.pch" /Fo".\Debug_u/" /Fd".\Debug_u/vc100.pdb" /Gd /TP /analyze- /errorReport:prompt UIManager.cpp
         UIManager.cpp
         C:\Program Files (x86)\Microsoft Visual Studio 10.0\VC\bin\link.exe /ERRORREPORT:PROMPT /OUT:"C:\Users\xdd\documents\visual studio 11\Projects\GJTalk\\bin\DuiLib_ud.dll" /INCREMENTAL /NOLOGO Riched20.lib kernel32.lib user32.lib gdi32.lib winspool.lib comdlg32.lib advapi32.lib shell32.lib ole32.lib oleaut32.lib uuid.lib odbc32.lib odbccp32.lib /MANIFEST:NO /DEBUG /PDB:".\Debug_u/DuiLib_ud.pdb" /TLBID:1 /BASE:"0x11000000" /DYNAMICBASE /NXCOMPAT /IMPLIB:"../bin/DuiLib_ud.lib" /MACHINE:X86 /DLL .\Debug_u/stb_image.obj
         .\Debug_u/StdAfx.obj
         .\Debug_u/UIActiveX.obj
         .\Debug_u/UIBase.obj
         .\Debug_u/UICombo.obj
         .\Debug_u/UICommonControls.obj
         .\Debug_u/UIContainer.obj
         .\Debug_u/UIControl.obj
         .\Debug_u/UIDelegate.obj
         .\Debug_u/UIDlgBuilder.obj
         .\Debug_u/UIlib.obj
         .\Debug_u/UIList.obj
         .\Debug_u/UIManager.obj
         .\Debug_u/UIMarkup.obj
         .\Debug_u/UIRender.obj
         .\Debug_u/UIRichEdit.obj
         .\Debug_u/XUnzip.obj
         DuiLib.vcxproj -> C:\Users\xdd\documents\visual studio 11\Projects\GJTalk\\bin\DuiLib_ud.dll
     1>Done Building Project "C:\Users\xdd\Documents\Visual Studio 11\Projects\GJTalk\DuiLib\DuiLib.vcxproj" (Build target(s)).

Build succeeded.

Time Elapsed 00:00:02.23
